2021-20-01 11:47:29   INFO [webTest.googleTest.SearchRandomThings] : Chrome will be started
2021-20-01 11:47:31   INFO [webTest.googleTest.SearchRandomThings] : Chrome is started
2021-20-01 11:47:32   INFO [pages.GooglePage] : Google Page was opened
2021-20-01 11:47:32   INFO [libs.ActionsWithWebElements] : some text was inputted into element
2021-20-01 14:46:33   INFO [webTest.googleTest.SearchRandomThings] : Chrome will be started
2021-20-01 14:46:36   INFO [webTest.googleTest.SearchRandomThings] : Chrome is started
2021-20-01 14:46:37   INFO [pages.GooglePage] : Google Page was opened
2021-20-01 14:46:37   INFO [libs.ActionsWithWebElements] : some text was inputted into element
2021-20-01 14:46:49   INFO [webTest.googleTest.SearchRandomThings] : Chrome closed
2021-20-01 15:11:38   INFO [webTest.googleTest.SearchRandomThings] : Chrome will be started
2021-20-01 15:11:40   INFO [webTest.googleTest.SearchRandomThings] : Chrome is started
2021-20-01 15:11:41   INFO [pages.GooglePage] : Google Page was opened
2021-20-01 15:11:41   INFO [libs.ActionsWithWebElements] : some text was inputted into element
2021-20-01 15:11:52   INFO [webTest.googleTest.SearchRandomThings] : Chrome closed
2021-20-01 15:18:00   INFO [webTest.googleTest.SearchRandomThings] : Chrome will be started
2021-20-01 15:18:02   INFO [webTest.googleTest.SearchRandomThings] : Chrome is started
2021-20-01 15:18:03   INFO [pages.GooglePage] : Google Page was opened
2021-20-01 15:18:03   INFO [libs.ActionsWithWebElements] : some text was inputted into element
2021-20-01 15:18:14   INFO [webTest.googleTest.SearchRandomThings] : Chrome closed
2021-21-01 14:05:14   INFO [webTest.googleTest.SearchRandomThings] : Chrome will be started
2021-21-01 14:05:17   INFO [webTest.googleTest.SearchRandomThings] : Chrome is started
2021-21-01 14:05:17   INFO [pages.GooglePage] : Google Page was opened
2021-21-01 14:05:18   INFO [libs.ActionsWithWebElements] : some text was inputted into element
2021-21-01 14:05:30   INFO [webTest.googleTest.SearchRandomThings] : Chrome closed
2021-22-01 11:08:02   INFO [webTest.googleTest.SearchRandomThings] : Chrome will be started
2021-22-01 11:08:04   INFO [webTest.googleTest.SearchRandomThings] : Chrome is started
2021-22-01 11:08:05   INFO [pages.GooglePage] : Google Page was opened
2021-22-01 11:08:05   INFO [libs.ActionsWithWebElements] : some text was inputted into element
2021-22-01 11:08:17   INFO [webTest.googleTest.SearchRandomThings] : Chrome closed
2021-22-01 11:21:52   INFO [webTest.googleTest.SearchRandomThings] : Chrome will be started
2021-22-01 11:21:54   INFO [webTest.googleTest.SearchRandomThings] : Chrome is started
2021-22-01 11:22:15   INFO [webTest.googleTest.SearchRandomThings] : Chrome closed
2021-22-01 11:26:45   INFO [webTest.googleTest.SearchRandomThings] : Chrome will be started
2021-22-01 11:26:47   INFO [webTest.googleTest.SearchRandomThings] : Chrome is started
2021-22-01 11:26:47   INFO [pages.GooglePage] : Google Page was opened
2021-22-01 11:26:48   INFO [libs.ActionsWithWebElements] : some text was inputted into element
2021-22-01 11:27:00   INFO [webTest.googleTest.SearchRandomThings] : Chrome closed
2021-22-01 13:20:09   INFO [webTest.googleTest.SearchRandomThings] : Chrome will be started
2021-22-01 13:20:11   INFO [webTest.googleTest.SearchRandomThings] : Chrome is started
2021-22-01 13:20:12   INFO [libs.ActionsWithWebElements] : some text was inputted into element
2021-22-01 13:20:24   INFO [webTest.googleTest.SearchRandomThings] : Chrome closed
2021-22-01 15:20:33   INFO [webTest.googleTest.SearchRandomThings] : Chrome will be started
2021-22-01 15:20:36   INFO [webTest.googleTest.SearchRandomThings] : Chrome is started
2021-22-01 15:20:37   INFO [libs.ActionsWithWebElements] : some text was inputted into element
2021-22-01 15:20:38   INFO [pages.GooglePage] : Invalid action
2021-22-01 15:20:48   INFO [webTest.googleTest.SearchRandomThings] : Chrome closed
2021-22-01 17:30:45   INFO [webTest.googleTest.SearchRandomThings] : Chrome will be started
2021-22-01 17:30:47   INFO [webTest.googleTest.SearchRandomThings] : Chrome is started
2021-22-01 17:30:48   INFO [webTest.googleTest.SearchRandomThings] : Chrome closed
2021-22-01 17:32:11   INFO [webTest.googleTest.SearchRandomThings] : Chrome will be started
2021-22-01 17:32:13   INFO [webTest.googleTest.SearchRandomThings] : Chrome is started
2021-22-01 17:32:14   INFO [libs.ActionsWithWebElements] : some text was inputted into element
2021-22-01 17:32:16   INFO [pages.GooglePage] : Invalid action
2021-22-01 17:32:26   INFO [webTest.googleTest.SearchRandomThings] : Chrome closed
2021-22-01 17:35:08   INFO [webTest.googleTest.SearchRandomThings] : Chrome will be started
2021-22-01 17:35:10   INFO [webTest.googleTest.SearchRandomThings] : Chrome is started
2021-22-01 17:35:12   INFO [libs.ActionsWithWebElements] : some text was inputted into element
2021-22-01 17:35:13   INFO [pages.GooglePage] : Invalid action
2021-22-01 17:35:23   INFO [webTest.googleTest.SearchRandomThings] : Chrome closed
2021-22-01 17:38:36   INFO [webTest.googleTest.SearchRandomThings] : Chrome will be started
2021-22-01 17:38:38   INFO [webTest.googleTest.SearchRandomThings] : Chrome is started
2021-22-01 17:38:39   INFO [libs.ActionsWithWebElements] : some text was inputted into element
2021-22-01 17:38:40   INFO [pages.GooglePage] : Invalid action
2021-22-01 17:38:51   INFO [webTest.googleTest.SearchRandomThings] : Chrome closed
2021-22-01 17:40:04   INFO [webTest.googleTest.SearchRandomThings] : Chrome will be started
2021-22-01 17:40:06   INFO [webTest.googleTest.SearchRandomThings] : Chrome is started
2021-22-01 17:40:08   INFO [libs.ActionsWithWebElements] : some text was inputted into element
2021-22-01 17:40:09   INFO [libs.ActionsWithWebElements] : Enter was click
2021-22-01 17:40:09   INFO [pages.GooglePage] : Invalid action
2021-22-01 17:40:19   INFO [webTest.googleTest.SearchRandomThings] : Chrome closed
2021-22-01 17:51:49   INFO [webTest.googleTest.SearchRandomThings] : Chrome will be started
2021-22-01 17:51:51   INFO [webTest.googleTest.SearchRandomThings] : Chrome is started
2021-22-01 17:51:52   INFO [libs.ActionsWithWebElements] : some text was inputted into element
2021-22-01 17:51:53   INFO [libs.ActionsWithWebElements] : Enter was click
2021-22-01 17:51:53   INFO [pages.GooglePage] : Invalid action
2021-22-01 17:51:53   INFO [pages.GooglePage] : Invalid action
2021-22-01 17:52:04   INFO [webTest.googleTest.SearchRandomThings] : Chrome closed
2021-22-01 17:52:14   INFO [webTest.googleTest.SearchRandomThings] : Chrome will be started
2021-22-01 17:52:16   INFO [webTest.googleTest.SearchRandomThings] : Chrome is started
2021-22-01 17:52:17   INFO [pages.GooglePage] : Invalid action
2021-22-01 17:52:28   INFO [webTest.googleTest.SearchRandomThings] : Chrome closed
2021-22-01 17:54:13   INFO [webTest.googleTest.SearchRandomThings] : Chrome will be started
2021-22-01 17:54:15   INFO [webTest.googleTest.SearchRandomThings] : Chrome is started
2021-22-01 17:54:17   INFO [libs.ActionsWithWebElements] : some text was inputted into element
2021-22-01 17:54:18   INFO [libs.ActionsWithWebElements] : Enter was click
2021-22-01 17:54:18   INFO [pages.GooglePage] : Invalid action
2021-22-01 17:54:18   INFO [pages.GooglePage] : Invalid work action
2021-22-01 17:54:28   INFO [webTest.googleTest.SearchRandomThings] : Chrome closed
2021-22-01 17:58:12   INFO [webTest.googleTest.SearchRandomThings] : Chrome will be started
2021-22-01 17:58:14   INFO [webTest.googleTest.SearchRandomThings] : Chrome is started
2021-22-01 17:58:26   INFO [webTest.googleTest.SearchRandomThings] : Chrome closed
